# This is the CMakeCache file.
# For build in directory: /home/lz/workspace/cuCompressor/cmake-build-debug
# It was generated by CMake: /snap/clion/296/bin/cmake/linux/x64/bin/cmake
# You can edit this file to change values found and used by cmake.
# If you do not want to change any of the values, simply exit the editor.
# If you do want to change a value, simply edit, save, and exit the editor.
# The syntax for the file is as follows:
# KEY:TYPE=VALUE
# KEY is the name of a variable in the cache.
# TYPE is a hint to GUIs for the type of VALUE, DO NOT EDIT TYPE!.
# VALUE is the current value for the KEY.

########################
# EXTERNAL cache entries
########################

//enable ctags generation target
BUILD_CTAGS:BOOL=OFF

//build docker containers for testing
BUILD_DOCKER_CONTAINERS:BOOL=OFF

//build the fortran interface
BUILD_FORTRAN:BOOL=OFF

//Builds the googlemock subproject
BUILD_GMOCK:BOOL=ON

//build the HDF5 filter
BUILD_HDF5_FILTER:BOOL=OFF

//build the NetCDF reader
BUILD_NETCDF_READER:BOOL=OFF

//build OpenMP support
BUILD_OPENMP:BOOL=OFF

//build the pastri code
BUILD_PASTRI:BOOL=OFF

//build python wrapper
BUILD_PYTHON_WRAPPER:BOOL=OFF

//build the random access code
BUILD_RANDOMACCESS:BOOL=OFF

//Build shared libraries(DLLs).
BUILD_SHARED_LIBS:BOOL=ON

//record statistics for prediction
BUILD_STATS:BOOL=OFF

//build sz example
BUILD_SZ_EXAMPLES:BOOL=OFF

//build test cases
BUILD_TESTS:BOOL=OFF

//build the time based compression code
BUILD_TIMECMPR:BOOL=OFF

//Value Computed by CMake
Buff_BINARY_DIR:STATIC=/home/lz/workspace/cuCompressor/cmake-build-debug/Serf/test/baselines/buff

//Value Computed by CMake
Buff_IS_TOP_LEVEL:STATIC=OFF

//Value Computed by CMake
Buff_SOURCE_DIR:STATIC=/home/lz/workspace/cuCompressor/Serf/test/baselines/buff

//Path to a program.
CMAKE_ADDR2LINE:FILEPATH=/usr/bin/addr2line

//Path to a program.
CMAKE_AR:FILEPATH=/usr/bin/ar

//ASM compiler
CMAKE_ASM_COMPILER:FILEPATH=/usr/bin/gcc

//A wrapper around 'ar' adding the appropriate '--plugin' option
// for the GCC compiler
CMAKE_ASM_COMPILER_AR:FILEPATH=/usr/bin/gcc-ar

//A wrapper around 'ranlib' adding the appropriate '--plugin' option
// for the GCC compiler
CMAKE_ASM_COMPILER_RANLIB:FILEPATH=/usr/bin/gcc-ranlib

//Flags used by the ASM compiler during all build types.
CMAKE_ASM_FLAGS:STRING=

//Flags used by the ASM compiler during DEBUG builds.
CMAKE_ASM_FLAGS_DEBUG:STRING=-g

//Flags used by the ASM compiler during MINSIZEREL builds.
CMAKE_ASM_FLAGS_MINSIZEREL:STRING=-Os -DNDEBUG

//Flags used by the ASM compiler during RELEASE builds.
CMAKE_ASM_FLAGS_RELEASE:STRING=-O3 -DNDEBUG

//Flags used by the ASM compiler during RELWITHDEBINFO builds.
CMAKE_ASM_FLAGS_RELWITHDEBINFO:STRING=-O2 -g -DNDEBUG

//Choose the type of build, options are: None Debug Release RelWithDebInfo
// MinSizeRel ...
CMAKE_BUILD_TYPE:STRING=Debug

//Enable colored diagnostics throughout.
CMAKE_COLOR_DIAGNOSTICS:BOOL=ON

//CUDA architectures
CMAKE_CUDA_ARCHITECTURES:STRING=52

//Flags used by the CUDA compiler during all build types.
CMAKE_CUDA_FLAGS:STRING=

//Flags used by the CUDA compiler during DEBUG builds.
CMAKE_CUDA_FLAGS_DEBUG:STRING=-g

//Flags used by the CUDA compiler during MINSIZEREL builds.
CMAKE_CUDA_FLAGS_MINSIZEREL:STRING=-O1 -DNDEBUG

//Flags used by the CUDA compiler during RELEASE builds.
CMAKE_CUDA_FLAGS_RELEASE:STRING=-O3 -DNDEBUG

//Flags used by the CUDA compiler during RELWITHDEBINFO builds.
CMAKE_CUDA_FLAGS_RELWITHDEBINFO:STRING=-O2 -g -DNDEBUG

//No help, variable specified on the command line.
CMAKE_CXX_COMPILER:UNINITIALIZED=/usr/bin/g++

//A wrapper around 'ar' adding the appropriate '--plugin' option
// for the GCC compiler
CMAKE_CXX_COMPILER_AR:FILEPATH=/usr/bin/gcc-ar-12

//A wrapper around 'ranlib' adding the appropriate '--plugin' option
// for the GCC compiler
CMAKE_CXX_COMPILER_RANLIB:FILEPATH=/usr/bin/gcc-ranlib-12

//Flags used by the CXX compiler during all build types.
CMAKE_CXX_FLAGS:STRING=

//Flags used by the CXX compiler during DEBUG builds.
CMAKE_CXX_FLAGS_DEBUG:STRING=-g

//Flags used by the CXX compiler during MINSIZEREL builds.
CMAKE_CXX_FLAGS_MINSIZEREL:STRING=-Os -DNDEBUG

//Flags used by the CXX compiler during RELEASE builds.
CMAKE_CXX_FLAGS_RELEASE:STRING=-O3 -DNDEBUG

//Flags used by the CXX compiler during RELWITHDEBINFO builds.
CMAKE_CXX_FLAGS_RELWITHDEBINFO:STRING=-O2 -g -DNDEBUG

//No help, variable specified on the command line.
CMAKE_C_COMPILER:UNINITIALIZED=/usr/bin/gcc

//A wrapper around 'ar' adding the appropriate '--plugin' option
// for the GCC compiler
CMAKE_C_COMPILER_AR:FILEPATH=/usr/bin/gcc-ar-12

//A wrapper around 'ranlib' adding the appropriate '--plugin' option
// for the GCC compiler
CMAKE_C_COMPILER_RANLIB:FILEPATH=/usr/bin/gcc-ranlib-12

//Flags used by the C compiler during all build types.
CMAKE_C_FLAGS:STRING=

//Flags used by the C compiler during DEBUG builds.
CMAKE_C_FLAGS_DEBUG:STRING=-g

//Flags used by the C compiler during MINSIZEREL builds.
CMAKE_C_FLAGS_MINSIZEREL:STRING=-Os -DNDEBUG

//Flags used by the C compiler during RELEASE builds.
CMAKE_C_FLAGS_RELEASE:STRING=-O3 -DNDEBUG

//Flags used by the C compiler during RELWITHDEBINFO builds.
CMAKE_C_FLAGS_RELWITHDEBINFO:STRING=-O2 -g -DNDEBUG

//Path to a program.
CMAKE_DLLTOOL:FILEPATH=CMAKE_DLLTOOL-NOTFOUND

//Flags used by the linker during all build types.
CMAKE_EXE_LINKER_FLAGS:STRING=

//Flags used by the linker during DEBUG builds.
CMAKE_EXE_LINKER_FLAGS_DEBUG:STRING=

//Flags used by the linker during MINSIZEREL builds.
CMAKE_EXE_LINKER_FLAGS_MINSIZEREL:STRING=

//Flags used by the linker during RELEASE builds.
CMAKE_EXE_LINKER_FLAGS_RELEASE:STRING=

//Flags used by the linker during RELWITHDEBINFO builds.
CMAKE_EXE_LINKER_FLAGS_RELWITHDEBINFO:STRING=

//Enable/Disable output of compile commands during generation.
CMAKE_EXPORT_COMPILE_COMMANDS:BOOL=

//Value Computed by CMake.
CMAKE_FIND_PACKAGE_REDIRECTS_DIR:STATIC=/home/lz/workspace/cuCompressor/cmake-build-debug/CMakeFiles/pkgRedirects

//User executables (bin)
CMAKE_INSTALL_BINDIR:PATH=bin

//Read-only architecture-independent data (DATAROOTDIR)
CMAKE_INSTALL_DATADIR:PATH=

//Read-only architecture-independent data root (share)
CMAKE_INSTALL_DATAROOTDIR:PATH=share

//Documentation root (DATAROOTDIR/doc/PROJECT_NAME)
CMAKE_INSTALL_DOCDIR:PATH=

//C header files (include)
CMAKE_INSTALL_INCLUDEDIR:PATH=include

//Info documentation (DATAROOTDIR/info)
CMAKE_INSTALL_INFODIR:PATH=

//Object code libraries (lib)
CMAKE_INSTALL_LIBDIR:PATH=lib

//Program executables (libexec)
CMAKE_INSTALL_LIBEXECDIR:PATH=libexec

//Locale-dependent data (DATAROOTDIR/locale)
CMAKE_INSTALL_LOCALEDIR:PATH=

//Modifiable single-machine data (var)
CMAKE_INSTALL_LOCALSTATEDIR:PATH=var

//Man documentation (DATAROOTDIR/man)
CMAKE_INSTALL_MANDIR:PATH=

//C header files for non-gcc (/usr/include)
CMAKE_INSTALL_OLDINCLUDEDIR:PATH=/usr/include

//Install path prefix, prepended onto install directories.
CMAKE_INSTALL_PREFIX:PATH=/usr/local

//Run-time variable data (LOCALSTATEDIR/run)
CMAKE_INSTALL_RUNSTATEDIR:PATH=

//System admin executables (sbin)
CMAKE_INSTALL_SBINDIR:PATH=sbin

//Modifiable architecture-independent data (com)
CMAKE_INSTALL_SHAREDSTATEDIR:PATH=com

//Read-only single-machine data (etc)
CMAKE_INSTALL_SYSCONFDIR:PATH=etc

//Path to a program.
CMAKE_LINKER:FILEPATH=/usr/bin/ld

//No help, variable specified on the command line.
CMAKE_MAKE_PROGRAM:UNINITIALIZED=/snap/clion/296/bin/ninja/linux/x64/ninja

//Flags used by the linker during the creation of modules during
// all build types.
CMAKE_MODULE_LINKER_FLAGS:STRING=

//Flags used by the linker during the creation of modules during
// DEBUG builds.
CMAKE_MODULE_LINKER_FLAGS_DEBUG:STRING=

//Flags used by the linker during the creation of modules during
// MINSIZEREL builds.
CMAKE_MODULE_LINKER_FLAGS_MINSIZEREL:STRING=

//Flags used by the linker during the creation of modules during
// RELEASE builds.
CMAKE_MODULE_LINKER_FLAGS_RELEASE:STRING=

//Flags used by the linker during the creation of modules during
// RELWITHDEBINFO builds.
CMAKE_MODULE_LINKER_FLAGS_RELWITHDEBINFO:STRING=

//Path to a program.
CMAKE_NM:FILEPATH=/usr/bin/nm

//Path to a program.
CMAKE_OBJCOPY:FILEPATH=/usr/bin/objcopy

//Path to a program.
CMAKE_OBJDUMP:FILEPATH=/usr/bin/objdump

//Value Computed by CMake
CMAKE_PROJECT_DESCRIPTION:STATIC=

//Value Computed by CMake
CMAKE_PROJECT_HOMEPAGE_URL:STATIC=

//Value Computed by CMake
CMAKE_PROJECT_NAME:STATIC=cuCompressor

//Value Computed by CMake
CMAKE_PROJECT_VERSION:STATIC=0.0.2

//Value Computed by CMake
CMAKE_PROJECT_VERSION_MAJOR:STATIC=0

//Value Computed by CMake
CMAKE_PROJECT_VERSION_MINOR:STATIC=0

//Value Computed by CMake
CMAKE_PROJECT_VERSION_PATCH:STATIC=2

//Value Computed by CMake
CMAKE_PROJECT_VERSION_TWEAK:STATIC=

//Path to a program.
CMAKE_RANLIB:FILEPATH=/usr/bin/ranlib

//Path to a program.
CMAKE_READELF:FILEPATH=/usr/bin/readelf

//Flags used by the linker during the creation of shared libraries
// during all build types.
CMAKE_SHARED_LINKER_FLAGS:STRING=

//Flags used by the linker during the creation of shared libraries
// during DEBUG builds.
CMAKE_SHARED_LINKER_FLAGS_DEBUG:STRING=

//Flags used by the linker during the creation of shared libraries
// during MINSIZEREL builds.
CMAKE_SHARED_LINKER_FLAGS_MINSIZEREL:STRING=

//Flags used by the linker during the creation of shared libraries
// during RELEASE builds.
CMAKE_SHARED_LINKER_FLAGS_RELEASE:STRING=

//Flags used by the linker during the creation of shared libraries
// during RELWITHDEBINFO builds.
CMAKE_SHARED_LINKER_FLAGS_RELWITHDEBINFO:STRING=

//If set, runtime paths are not added when installing shared libraries,
// but are added when building.
CMAKE_SKIP_INSTALL_RPATH:BOOL=NO

//If set, runtime paths are not added when using shared libraries.
CMAKE_SKIP_RPATH:BOOL=NO

//Flags used by the linker during the creation of static libraries
// during all build types.
CMAKE_STATIC_LINKER_FLAGS:STRING=

//Flags used by the linker during the creation of static libraries
// during DEBUG builds.
CMAKE_STATIC_LINKER_FLAGS_DEBUG:STRING=

//Flags used by the linker during the creation of static libraries
// during MINSIZEREL builds.
CMAKE_STATIC_LINKER_FLAGS_MINSIZEREL:STRING=

//Flags used by the linker during the creation of static libraries
// during RELEASE builds.
CMAKE_STATIC_LINKER_FLAGS_RELEASE:STRING=

//Flags used by the linker during the creation of static libraries
// during RELWITHDEBINFO builds.
CMAKE_STATIC_LINKER_FLAGS_RELWITHDEBINFO:STRING=

//Path to a program.
CMAKE_STRIP:FILEPATH=/usr/bin/strip

//Path to a program.
CMAKE_TAPI:FILEPATH=CMAKE_TAPI-NOTFOUND

//If this value is on, makefiles will be generated without the
// .SILENT directive, and all commands will be echoed to the console
// during the make.  This is useful for debugging only. With Visual
// Studio IDE projects all commands are done without /nologo.
CMAKE_VERBOSE_MAKEFILE:BOOL=FALSE

//Path to a file.
CUDAToolkit_CUPTI_INCLUDE_DIR:PATH=/usr/local/cuda/targets/x86_64-linux/include

//Path to a library.
CUDAToolkit_rt_LIBRARY:FILEPATH=/usr/lib/x86_64-linux-gnu/librt.a

//Compile device code in 64 bit mode
CUDA_64_BIT_DEVICE_CODE:BOOL=ON

//Attach the build rule to the CUDA source file.  Enable only when
// the CUDA source file is added to at most one target.
CUDA_ATTACH_VS_BUILD_RULE_TO_CUDA_FILE:BOOL=ON

//Generate and parse .cubin files in Device mode.
CUDA_BUILD_CUBIN:BOOL=OFF

//Build in Emulation mode
CUDA_BUILD_EMULATION:BOOL=OFF

//Path to a library.
CUDA_CUDART:FILEPATH=/usr/local/cuda/lib64/libcudart.so

//"cudart" library
CUDA_CUDART_LIBRARY:FILEPATH=/usr/local/cuda/lib64/libcudart.so

//"cuda" library (older versions only).
CUDA_CUDA_LIBRARY:FILEPATH=/usr/lib/x86_64-linux-gnu/libcuda.so

//Directory to put all the output files.  If blank it will default
// to the CMAKE_CURRENT_BINARY_DIR
CUDA_GENERATED_OUTPUT_DIR:PATH=

//Generated file extension
CUDA_HOST_COMPILATION_CPP:BOOL=ON

//Host side compiler used by NVCC
CUDA_HOST_COMPILER:FILEPATH=/usr/bin/gcc

//Path to a program.
CUDA_NVCC_EXECUTABLE:FILEPATH=/usr/local/cuda/bin/nvcc

//Semi-colon delimit multiple arguments. during all build types.
CUDA_NVCC_FLAGS:STRING=

//Semi-colon delimit multiple arguments. during DEBUG builds.
CUDA_NVCC_FLAGS_DEBUG:STRING=

//Semi-colon delimit multiple arguments. during MINSIZEREL builds.
CUDA_NVCC_FLAGS_MINSIZEREL:STRING=

//Semi-colon delimit multiple arguments. during RELEASE builds.
CUDA_NVCC_FLAGS_RELEASE:STRING=

//Semi-colon delimit multiple arguments. during RELWITHDEBINFO
// builds.
CUDA_NVCC_FLAGS_RELWITHDEBINFO:STRING=

//Path to a library.
CUDA_OpenCL_LIBRARY:FILEPATH=/usr/local/cuda-12.5/targets/x86_64-linux/lib/libOpenCL.so

//Path to a file.
CUDA_SDK_ROOT_DIR:PATH=CUDA_SDK_ROOT_DIR-NOTFOUND

//Compile CUDA objects with separable compilation enabled.  Requires
// CUDA 5.0+
CUDA_SEPARABLE_COMPILATION:BOOL=OFF

//Path to a file.
CUDA_TOOLKIT_INCLUDE:PATH=/usr/local/cuda/include

//Toolkit location.
CUDA_TOOLKIT_ROOT_DIR:PATH=/usr/local/cuda

//Use the static version of the CUDA runtime library if available
CUDA_USE_STATIC_CUDA_RUNTIME:BOOL=ON

//Print out the commands run while compiling the CUDA source file.
//  With the Makefile generator this defaults to VERBOSE variable
// specified on the command line, but can be forced on with this
// option.
CUDA_VERBOSE_BUILD:BOOL=OFF

//Version of CUDA as computed from nvcc.
CUDA_VERSION:STRING=12.5

//Path to a library.
CUDA_cuFile_LIBRARY:FILEPATH=/usr/local/cuda-12.5/targets/x86_64-linux/lib/libcufile.so

//Path to a library.
CUDA_cuFile_rdma_LIBRARY:FILEPATH=/usr/local/cuda-12.5/targets/x86_64-linux/lib/libcufile_rdma.so

//Path to a library.
CUDA_cuFile_rdma_static_LIBRARY:FILEPATH=/usr/local/cuda-12.5/targets/x86_64-linux/lib/libcufile_rdma_static.a

//Path to a library.
CUDA_cuFile_static_LIBRARY:FILEPATH=/usr/local/cuda-12.5/targets/x86_64-linux/lib/libcufile_static.a

//Path to a library.
CUDA_cublasLt_LIBRARY:FILEPATH=/usr/local/cuda-12.5/targets/x86_64-linux/lib/libcublasLt.so

//Path to a library.
CUDA_cublasLt_static_LIBRARY:FILEPATH=/usr/local/cuda-12.5/targets/x86_64-linux/lib/libcublasLt_static.a

//Path to a library.
CUDA_cublas_LIBRARY:FILEPATH=/usr/local/cuda-12.5/targets/x86_64-linux/lib/libcublas.so

//Path to a library.
CUDA_cublas_static_LIBRARY:FILEPATH=/usr/local/cuda-12.5/targets/x86_64-linux/lib/libcublas_static.a

//Path to a library.
CUDA_cuda_driver_LIBRARY:FILEPATH=/usr/local/cuda/targets/x86_64-linux/lib/stubs/libcuda.so

//"cudadevrt" library
CUDA_cudadevrt_LIBRARY:FILEPATH=/usr/local/cuda/lib64/libcudadevrt.a

//Path to a library.
CUDA_cudart_LIBRARY:FILEPATH=/usr/local/cuda-12.5/targets/x86_64-linux/lib/libcudart.so

//Path to a library.
CUDA_cudart_static_LIBRARY:FILEPATH=/usr/local/cuda-12.5/targets/x86_64-linux/lib/libcudart_static.a

//Path to a library.
CUDA_cudla_LIBRARY:FILEPATH=CUDA_cudla_LIBRARY-NOTFOUND

//Path to a library.
CUDA_cufft_LIBRARY:FILEPATH=/usr/local/cuda-12.5/targets/x86_64-linux/lib/libcufft.so

//Path to a library.
CUDA_cufft_static_LIBRARY:FILEPATH=/usr/local/cuda-12.5/targets/x86_64-linux/lib/libcufft_static.a

//Path to a library.
CUDA_cufft_static_nocallback_LIBRARY:FILEPATH=/usr/local/cuda-12.5/targets/x86_64-linux/lib/libcufft_static_nocallback.a

//Path to a library.
CUDA_cufftw_LIBRARY:FILEPATH=/usr/local/cuda-12.5/targets/x86_64-linux/lib/libcufftw.so

//Path to a library.
CUDA_cufftw_static_LIBRARY:FILEPATH=/usr/local/cuda-12.5/targets/x86_64-linux/lib/libcufftw_static.a

//Path to a library.
CUDA_culibos_LIBRARY:FILEPATH=/usr/local/cuda-12.5/targets/x86_64-linux/lib/libculibos.a

//Path to a library.
CUDA_cupti_LIBRARY:FILEPATH=/usr/local/cuda-12.5/targets/x86_64-linux/lib/libcupti.so

//Path to a library.
CUDA_cupti_static_LIBRARY:FILEPATH=/usr/local/cuda-12.5/targets/x86_64-linux/lib/libcupti_static.a

//Path to a library.
CUDA_curand_LIBRARY:FILEPATH=/usr/local/cuda-12.5/targets/x86_64-linux/lib/libcurand.so

//Path to a library.
CUDA_curand_static_LIBRARY:FILEPATH=/usr/local/cuda-12.5/targets/x86_64-linux/lib/libcurand_static.a

//Path to a library.
CUDA_cusolver_LIBRARY:FILEPATH=/usr/local/cuda-12.5/targets/x86_64-linux/lib/libcusolver.so

//Path to a library.
CUDA_cusolver_lapack_static_LIBRARY:FILEPATH=/usr/local/cuda-12.5/targets/x86_64-linux/lib/libcusolver_lapack_static.a

//Path to a library.
CUDA_cusolver_metis_static_LIBRARY:FILEPATH=/usr/local/cuda-12.5/targets/x86_64-linux/lib/libcusolver_metis_static.a

//Path to a library.
CUDA_cusolver_static_LIBRARY:FILEPATH=/usr/local/cuda-12.5/targets/x86_64-linux/lib/libcusolver_static.a

//Path to a library.
CUDA_cusparse_LIBRARY:FILEPATH=/usr/local/cuda-12.5/targets/x86_64-linux/lib/libcusparse.so

//Path to a library.
CUDA_cusparse_static_LIBRARY:FILEPATH=/usr/local/cuda-12.5/targets/x86_64-linux/lib/libcusparse_static.a

//Path to a library.
CUDA_nppc_LIBRARY:FILEPATH=/usr/local/cuda-12.5/targets/x86_64-linux/lib/libnppc.so

//Path to a library.
CUDA_nppc_static_LIBRARY:FILEPATH=/usr/local/cuda-12.5/targets/x86_64-linux/lib/libnppc_static.a

//Path to a library.
CUDA_nppial_LIBRARY:FILEPATH=/usr/local/cuda-12.5/targets/x86_64-linux/lib/libnppial.so

//Path to a library.
CUDA_nppial_static_LIBRARY:FILEPATH=/usr/local/cuda-12.5/targets/x86_64-linux/lib/libnppial_static.a

//Path to a library.
CUDA_nppicc_LIBRARY:FILEPATH=/usr/local/cuda-12.5/targets/x86_64-linux/lib/libnppicc.so

//Path to a library.
CUDA_nppicc_static_LIBRARY:FILEPATH=/usr/local/cuda-12.5/targets/x86_64-linux/lib/libnppicc_static.a

//Path to a library.
CUDA_nppicom_LIBRARY:FILEPATH=CUDA_nppicom_LIBRARY-NOTFOUND

//Path to a library.
CUDA_nppicom_static_LIBRARY:FILEPATH=CUDA_nppicom_static_LIBRARY-NOTFOUND

//Path to a library.
CUDA_nppidei_LIBRARY:FILEPATH=/usr/local/cuda-12.5/targets/x86_64-linux/lib/libnppidei.so

//Path to a library.
CUDA_nppidei_static_LIBRARY:FILEPATH=/usr/local/cuda-12.5/targets/x86_64-linux/lib/libnppidei_static.a

//Path to a library.
CUDA_nppif_LIBRARY:FILEPATH=/usr/local/cuda-12.5/targets/x86_64-linux/lib/libnppif.so

//Path to a library.
CUDA_nppif_static_LIBRARY:FILEPATH=/usr/local/cuda-12.5/targets/x86_64-linux/lib/libnppif_static.a

//Path to a library.
CUDA_nppig_LIBRARY:FILEPATH=/usr/local/cuda-12.5/targets/x86_64-linux/lib/libnppig.so

//Path to a library.
CUDA_nppig_static_LIBRARY:FILEPATH=/usr/local/cuda-12.5/targets/x86_64-linux/lib/libnppig_static.a

//Path to a library.
CUDA_nppim_LIBRARY:FILEPATH=/usr/local/cuda-12.5/targets/x86_64-linux/lib/libnppim.so

//Path to a library.
CUDA_nppim_static_LIBRARY:FILEPATH=/usr/local/cuda-12.5/targets/x86_64-linux/lib/libnppim_static.a

//Path to a library.
CUDA_nppist_LIBRARY:FILEPATH=/usr/local/cuda-12.5/targets/x86_64-linux/lib/libnppist.so

//Path to a library.
CUDA_nppist_static_LIBRARY:FILEPATH=/usr/local/cuda-12.5/targets/x86_64-linux/lib/libnppist_static.a

//Path to a library.
CUDA_nppisu_LIBRARY:FILEPATH=/usr/local/cuda-12.5/targets/x86_64-linux/lib/libnppisu.so

//Path to a library.
CUDA_nppisu_static_LIBRARY:FILEPATH=/usr/local/cuda-12.5/targets/x86_64-linux/lib/libnppisu_static.a

//Path to a library.
CUDA_nppitc_LIBRARY:FILEPATH=/usr/local/cuda-12.5/targets/x86_64-linux/lib/libnppitc.so

//Path to a library.
CUDA_nppitc_static_LIBRARY:FILEPATH=/usr/local/cuda-12.5/targets/x86_64-linux/lib/libnppitc_static.a

//Path to a library.
CUDA_npps_LIBRARY:FILEPATH=/usr/local/cuda-12.5/targets/x86_64-linux/lib/libnpps.so

//Path to a library.
CUDA_npps_static_LIBRARY:FILEPATH=/usr/local/cuda-12.5/targets/x86_64-linux/lib/libnpps_static.a

//Path to a library.
CUDA_nvJitLink_LIBRARY:FILEPATH=/usr/local/cuda-12.5/targets/x86_64-linux/lib/libnvJitLink.so

//Path to a library.
CUDA_nvJitLink_static_LIBRARY:FILEPATH=/usr/local/cuda-12.5/targets/x86_64-linux/lib/libnvJitLink_static.a

//Path to a library.
CUDA_nvToolsExt_LIBRARY:FILEPATH=/usr/local/cuda-12.5/targets/x86_64-linux/lib/libnvToolsExt.so

//Path to a library.
CUDA_nvgraph_LIBRARY:FILEPATH=CUDA_nvgraph_LIBRARY-NOTFOUND

//Path to a library.
CUDA_nvgraph_static_LIBRARY:FILEPATH=CUDA_nvgraph_static_LIBRARY-NOTFOUND

//Path to a library.
CUDA_nvjpeg_LIBRARY:FILEPATH=/usr/local/cuda-12.5/targets/x86_64-linux/lib/libnvjpeg.so

//Path to a library.
CUDA_nvjpeg_static_LIBRARY:FILEPATH=/usr/local/cuda-12.5/targets/x86_64-linux/lib/libnvjpeg_static.a

//Path to a library.
CUDA_nvml_LIBRARY:FILEPATH=/usr/local/cuda/targets/x86_64-linux/lib/stubs/libnvidia-ml.so

//Path to a library.
CUDA_nvperf_host_LIBRARY:FILEPATH=/usr/local/cuda-12.5/targets/x86_64-linux/lib/libnvperf_host.so

//Path to a library.
CUDA_nvperf_host_static_LIBRARY:FILEPATH=/usr/local/cuda-12.5/targets/x86_64-linux/lib/libnvperf_host_static.a

//Path to a library.
CUDA_nvperf_target_LIBRARY:FILEPATH=/usr/local/cuda-12.5/targets/x86_64-linux/lib/libnvperf_target.so

//Path to a library.
CUDA_nvptxcompiler_static_LIBRARY:FILEPATH=/usr/local/cuda-12.5/targets/x86_64-linux/lib/libnvptxcompiler_static.a

//Path to a library.
CUDA_nvrtc_LIBRARY:FILEPATH=/usr/local/cuda-12.5/targets/x86_64-linux/lib/libnvrtc.so

//Path to a library.
CUDA_nvrtc_builtins_LIBRARY:FILEPATH=/usr/local/cuda-12.5/targets/x86_64-linux/lib/libnvrtc-builtins.so

//Path to a library.
CUDA_nvrtc_builtins_static_LIBRARY:FILEPATH=/usr/local/cuda-12.5/targets/x86_64-linux/lib/libnvrtc-builtins_static.a

//Path to a library.
CUDA_nvrtc_static_LIBRARY:FILEPATH=/usr/local/cuda-12.5/targets/x86_64-linux/lib/libnvrtc_static.a

//Path to a library.
CUDA_pcsamplingutil_LIBRARY:FILEPATH=/usr/local/cuda-12.5/targets/x86_64-linux/lib/libpcsamplingutil.so

//Path to a library.
CUDA_rt_LIBRARY:FILEPATH=/usr/lib/x86_64-linux-gnu/librt.a

//Option to enable building example programs
CUSZP_BUILD_EXAMPLES:BOOL=ON

//Value Computed by CMake
Chimp128_BINARY_DIR:STATIC=/home/lz/workspace/cuCompressor/cmake-build-debug/Serf/test/baselines/chimp128

//Value Computed by CMake
Chimp128_IS_TOP_LEVEL:STATIC=OFF

//Value Computed by CMake
Chimp128_SOURCE_DIR:STATIC=/home/lz/workspace/cuCompressor/Serf/test/baselines/chimp128

//Value Computed by CMake
Deflate_BINARY_DIR:STATIC=/home/lz/workspace/cuCompressor/cmake-build-debug/Serf/test/baselines/deflate

//Value Computed by CMake
Deflate_IS_TOP_LEVEL:STATIC=OFF

//Value Computed by CMake
Deflate_SOURCE_DIR:STATIC=/home/lz/workspace/cuCompressor/Serf/test/baselines/deflate

//Value Computed by CMake
Elf_BINARY_DIR:STATIC=/home/lz/workspace/cuCompressor/cmake-build-debug/Serf/test/baselines/elf

//Value Computed by CMake
Elf_IS_TOP_LEVEL:STATIC=OFF

//Value Computed by CMake
Elf_SOURCE_DIR:STATIC=/home/lz/workspace/cuCompressor/Serf/test/baselines/elf

//Directory under which to collect all populated content
FETCHCONTENT_BASE_DIR:PATH=/home/lz/workspace/cuCompressor/cmake-build-debug/_deps

//Disables all attempts to download or update content and assumes
// source dirs already exist
FETCHCONTENT_FULLY_DISCONNECTED:BOOL=OFF

//Enables QUIET option for all content population
FETCHCONTENT_QUIET:BOOL=ON

//When not empty, overrides where to find pre-populated content
// for googletest
FETCHCONTENT_SOURCE_DIR_GOOGLETEST:PATH=

//Enables UPDATE_DISCONNECTED behavior for all content population
FETCHCONTENT_UPDATES_DISCONNECTED:BOOL=OFF

//Enables UPDATE_DISCONNECTED behavior just for population of googletest
FETCHCONTENT_UPDATES_DISCONNECTED_GOOGLETEST:BOOL=OFF

//Value Computed by CMake
FPC_BINARY_DIR:STATIC=/home/lz/workspace/cuCompressor/cmake-build-debug/Serf/test/baselines/fpc

//Value Computed by CMake
FPC_IS_TOP_LEVEL:STATIC=OFF

//Value Computed by CMake
FPC_SOURCE_DIR:STATIC=/home/lz/workspace/cuCompressor/Serf/test/baselines/fpc

//Use Abseil and RE2. Requires Abseil and RE2 to be separately
// added to the build.
GTEST_HAS_ABSL:BOOL=OFF

//Value Computed by CMake
Gorilla_BINARY_DIR:STATIC=/home/lz/workspace/cuCompressor/cmake-build-debug/Serf/test/baselines/gorilla

//Value Computed by CMake
Gorilla_IS_TOP_LEVEL:STATIC=OFF

//Value Computed by CMake
Gorilla_SOURCE_DIR:STATIC=/home/lz/workspace/cuCompressor/Serf/test/baselines/gorilla

//Enable installation of googletest. (Projects embedding googletest
// may want to turn this OFF.)
INSTALL_GTEST:BOOL=ON

//Value Computed by CMake
LZ4_BINARY_DIR:STATIC=/home/lz/workspace/cuCompressor/cmake-build-debug/Serf/test/baselines/lz4

//Value Computed by CMake
LZ4_IS_TOP_LEVEL:STATIC=OFF

//Value Computed by CMake
LZ4_SOURCE_DIR:STATIC=/home/lz/workspace/cuCompressor/Serf/test/baselines/lz4

//Value Computed by CMake
LZ77_BINARY_DIR:STATIC=/home/lz/workspace/cuCompressor/cmake-build-debug/Serf/test/baselines/lz77

//Value Computed by CMake
LZ77_IS_TOP_LEVEL:STATIC=OFF

//Value Computed by CMake
LZ77_SOURCE_DIR:STATIC=/home/lz/workspace/cuCompressor/Serf/test/baselines/lz77

//CXX compiler flags for OpenMP parallelization
OpenMP_CXX_FLAGS:STRING=-fopenmp

//CXX compiler libraries for OpenMP parallelization
OpenMP_CXX_LIB_NAMES:STRING=gomp;pthread

//C compiler flags for OpenMP parallelization
OpenMP_C_FLAGS:STRING=-fopenmp

//C compiler libraries for OpenMP parallelization
OpenMP_C_LIB_NAMES:STRING=gomp;pthread

//Path to the gomp library for OpenMP
OpenMP_gomp_LIBRARY:FILEPATH=/usr/lib/gcc/x86_64-linux-gnu/12/libgomp.so

//Path to the pthread library for OpenMP
OpenMP_pthread_LIBRARY:FILEPATH=/usr/lib/x86_64-linux-gnu/libpthread.a

//Arguments to supply to pkg-config
PKG_CONFIG_ARGN:STRING=

//pkg-config executable
PKG_CONFIG_EXECUTABLE:FILEPATH=/usr/bin/pkg-config

//Value Computed by CMake
PerfTest_BINARY_DIR:STATIC=/home/lz/workspace/cuCompressor/cmake-build-debug/Serf/test

//Value Computed by CMake
PerfTest_IS_TOP_LEVEL:STATIC=OFF

//Value Computed by CMake
PerfTest_SOURCE_DIR:STATIC=/home/lz/workspace/cuCompressor/Serf/test

//Build Snappy's benchmarks
SNAPPY_BUILD_BENCHMARKS:BOOL=ON

//Build Snappy's own tests.
SNAPPY_BUILD_TESTS:BOOL=ON

//Build Snappy for fuzzing.
SNAPPY_FUZZING_BUILD:BOOL=OFF

//Install Snappy's header and library
SNAPPY_INSTALL:BOOL=ON

//Target processors with AVX support.
SNAPPY_REQUIRE_AVX:BOOL=OFF

//Target processors with AVX2 support.
SNAPPY_REQUIRE_AVX2:BOOL=OFF

//find dependent libraries or build ext libraries
SZ_FIND_DEPS:BOOL=ON

//Value Computed by CMake
Serf-All_BINARY_DIR:STATIC=/home/lz/workspace/cuCompressor/cmake-build-debug/Serf

//Value Computed by CMake
Serf-All_IS_TOP_LEVEL:STATIC=OFF

//Value Computed by CMake
Serf-All_SOURCE_DIR:STATIC=/home/lz/workspace/cuCompressor/Serf

//Value Computed by CMake
Serf_BINARY_DIR:STATIC=/home/lz/workspace/cuCompressor/cmake-build-debug/Serf/src

//Value Computed by CMake
Serf_IS_TOP_LEVEL:STATIC=OFF

//Value Computed by CMake
Serf_SOURCE_DIR:STATIC=/home/lz/workspace/cuCompressor/Serf/src

//Value Computed by CMake
Sim-Piece_BINARY_DIR:STATIC=/home/lz/workspace/cuCompressor/cmake-build-debug/Serf/test/baselines/sim_piece

//Value Computed by CMake
Sim-Piece_IS_TOP_LEVEL:STATIC=OFF

//Value Computed by CMake
Sim-Piece_SOURCE_DIR:STATIC=/home/lz/workspace/cuCompressor/Serf/test/baselines/sim_piece

//Value Computed by CMake
Snappy_BINARY_DIR:STATIC=/home/lz/workspace/cuCompressor/cmake-build-debug/Serf/test/baselines/snappy

//Value Computed by CMake
Snappy_IS_TOP_LEVEL:STATIC=OFF

//Value Computed by CMake
Snappy_SOURCE_DIR:STATIC=/home/lz/workspace/cuCompressor/Serf/test/baselines/snappy

//Path to a file.
ZLIB_INCLUDE_DIR:PATH=/usr/include

//Path to a library.
ZLIB_LIBRARY_DEBUG:FILEPATH=ZLIB_LIBRARY_DEBUG-NOTFOUND

//Path to a library.
ZLIB_LIBRARY_RELEASE:FILEPATH=/usr/lib/x86_64-linux-gnu/libz.so

//BUILD CONTRIB
ZSTD_BUILD_CONTRIB:BOOL=OFF

//BUILD PROGRAMS
ZSTD_BUILD_PROGRAMS:BOOL=OFF

//BUILD SHARED LIBRARIES
ZSTD_BUILD_SHARED:BOOL=ON

//BUILD STATIC LIBRARIES
ZSTD_BUILD_STATIC:BOOL=ON

//BUILD TESTS
ZSTD_BUILD_TESTS:BOOL=OFF

ZSTD_LEGACY_LEVEL:STRING=5

//LEGACY SUPPORT
ZSTD_LEGACY_SUPPORT:BOOL=ON

//MULTITHREADING SUPPORT
ZSTD_MULTITHREAD_SUPPORT:BOOL=ON

//PROGRAMS LINK SHARED
ZSTD_PROGRAMS_LINK_SHARED:BOOL=OFF

//Value Computed by CMake
cuCompressor_BINARY_DIR:STATIC=/home/lz/workspace/cuCompressor/cmake-build-debug

//Value Computed by CMake
cuCompressor_IS_TOP_LEVEL:STATIC=ON

//Value Computed by CMake
cuCompressor_SOURCE_DIR:STATIC=/home/lz/workspace/cuCompressor

//Value Computed by CMake
cuSZp_BINARY_DIR:STATIC=/home/lz/workspace/cuCompressor/cmake-build-debug/cuSZp

//Value Computed by CMake
cuSZp_IS_TOP_LEVEL:STATIC=OFF

//Value Computed by CMake
cuSZp_SOURCE_DIR:STATIC=/home/lz/workspace/cuCompressor/cuSZp

//Value Computed by CMake
gmock_BINARY_DIR:STATIC=/home/lz/workspace/cuCompressor/cmake-build-debug/_deps/googletest-build/googlemock

//Value Computed by CMake
gmock_IS_TOP_LEVEL:STATIC=OFF

//Value Computed by CMake
gmock_SOURCE_DIR:STATIC=/home/lz/workspace/cuCompressor/cmake-build-debug/_deps/googletest-src/googlemock

//Build all of Google Mock's own tests.
gmock_build_tests:BOOL=OFF

//Value Computed by CMake
googletest-distribution_BINARY_DIR:STATIC=/home/lz/workspace/cuCompressor/cmake-build-debug/_deps/googletest-build

//Value Computed by CMake
googletest-distribution_IS_TOP_LEVEL:STATIC=OFF

//Value Computed by CMake
googletest-distribution_SOURCE_DIR:STATIC=/home/lz/workspace/cuCompressor/cmake-build-debug/_deps/googletest-src

//Value Computed by CMake
gtest_BINARY_DIR:STATIC=/home/lz/workspace/cuCompressor/cmake-build-debug/_deps/googletest-build/googletest

//Value Computed by CMake
gtest_IS_TOP_LEVEL:STATIC=OFF

//Value Computed by CMake
gtest_SOURCE_DIR:STATIC=/home/lz/workspace/cuCompressor/cmake-build-debug/_deps/googletest-src/googletest

//Build gtest's sample programs.
gtest_build_samples:BOOL=OFF

//Build all of gtest's own tests.
gtest_build_tests:BOOL=OFF

//Disable uses of pthreads in gtest.
gtest_disable_pthreads:BOOL=OFF

//Use shared (DLL) run-time lib even when Google Test is built
// as static lib.
gtest_force_shared_crt:BOOL=OFF

//Build gtest with internal symbols hidden in shared libraries.
gtest_hide_internal_symbols:BOOL=OFF

//Value Computed by CMake
libzstd_BINARY_DIR:STATIC=/home/lz/workspace/cuCompressor/cmake-build-debug/Serf/test/baselines/zstd/build/cmake/lib

//Value Computed by CMake
libzstd_IS_TOP_LEVEL:STATIC=OFF

//Value Computed by CMake
libzstd_SOURCE_DIR:STATIC=/home/lz/workspace/cuCompressor/Serf/test/baselines/zstd/build/cmake/lib

//Value Computed by CMake
sz_BINARY_DIR:STATIC=/home/lz/workspace/cuCompressor/cmake-build-debug/Serf/test/baselines/sz2

//Value Computed by CMake
sz_IS_TOP_LEVEL:STATIC=OFF

//Dependencies for the target
sz_LIB_DEPENDS:STATIC=general;ZLIB::ZLIB;general;zstd;general;m;

//Value Computed by CMake
sz_SOURCE_DIR:STATIC=/home/lz/workspace/cuCompressor/Serf/test/baselines/sz2

//Value Computed by CMake
zstd_BINARY_DIR:STATIC=/home/lz/workspace/cuCompressor/cmake-build-debug/Serf/test/baselines/zstd/build/cmake

//Value Computed by CMake
zstd_IS_TOP_LEVEL:STATIC=OFF

//Value Computed by CMake
zstd_SOURCE_DIR:STATIC=/home/lz/workspace/cuCompressor/Serf/test/baselines/zstd/build/cmake


########################
# INTERNAL cache entries
########################

//ADVANCED property for variable: CMAKE_ADDR2LINE
CMAKE_ADDR2LINE-ADVANCED:INTERNAL=1
//ADVANCED property for variable: CMAKE_AR
CMAKE_AR-ADVANCED:INTERNAL=1
//ADVANCED property for variable: CMAKE_ASM_COMPILER
CMAKE_ASM_COMPILER-ADVANCED:INTERNAL=1
//ADVANCED property for variable: CMAKE_ASM_COMPILER_AR
CMAKE_ASM_COMPILER_AR-ADVANCED:INTERNAL=1
//ADVANCED property for variable: CMAKE_ASM_COMPILER_RANLIB
CMAKE_ASM_COMPILER_RANLIB-ADVANCED:INTERNAL=1
CMAKE_ASM_COMPILER_WORKS:INTERNAL=1
//ADVANCED property for variable: CMAKE_ASM_FLAGS
CMAKE_ASM_FLAGS-ADVANCED:INTERNAL=1
//ADVANCED property for variable: CMAKE_ASM_FLAGS_DEBUG
CMAKE_ASM_FLAGS_DEBUG-ADVANCED:INTERNAL=1
//ADVANCED property for variable: CMAKE_ASM_FLAGS_MINSIZEREL
CMAKE_ASM_FLAGS_MINSIZEREL-ADVANCED:INTERNAL=1
//ADVANCED property for variable: CMAKE_ASM_FLAGS_RELEASE
CMAKE_ASM_FLAGS_RELEASE-ADVANCED:INTERNAL=1
//ADVANCED property for variable: CMAKE_ASM_FLAGS_RELWITHDEBINFO
CMAKE_ASM_FLAGS_RELWITHDEBINFO-ADVANCED:INTERNAL=1
//This is the directory where this CMakeCache.txt was created
CMAKE_CACHEFILE_DIR:INTERNAL=/home/lz/workspace/cuCompressor/cmake-build-debug
//Major version of cmake used to create the current loaded cache
CMAKE_CACHE_MAJOR_VERSION:INTERNAL=3
//Minor version of cmake used to create the current loaded cache
CMAKE_CACHE_MINOR_VERSION:INTERNAL=29
//Patch version of cmake used to create the current loaded cache
CMAKE_CACHE_PATCH_VERSION:INTERNAL=6
//Path to CMake executable.
CMAKE_COMMAND:INTERNAL=/snap/clion/296/bin/cmake/linux/x64/bin/cmake
//Path to cpack program executable.
CMAKE_CPACK_COMMAND:INTERNAL=/snap/clion/296/bin/cmake/linux/x64/bin/cpack
//Path to ctest program executable.
CMAKE_CTEST_COMMAND:INTERNAL=/snap/clion/296/bin/cmake/linux/x64/bin/ctest
//ADVANCED property for variable: CMAKE_CUDA_FLAGS
CMAKE_CUDA_FLAGS-ADVANCED:INTERNAL=1
//ADVANCED property for variable: CMAKE_CUDA_FLAGS_DEBUG
CMAKE_CUDA_FLAGS_DEBUG-ADVANCED:INTERNAL=1
//ADVANCED property for variable: CMAKE_CUDA_FLAGS_MINSIZEREL
CMAKE_CUDA_FLAGS_MINSIZEREL-ADVANCED:INTERNAL=1
//ADVANCED property for variable: CMAKE_CUDA_FLAGS_RELEASE
CMAKE_CUDA_FLAGS_RELEASE-ADVANCED:INTERNAL=1
//ADVANCED property for variable: CMAKE_CUDA_FLAGS_RELWITHDEBINFO
CMAKE_CUDA_FLAGS_RELWITHDEBINFO-ADVANCED:INTERNAL=1
//ADVANCED property for variable: CMAKE_CXX_COMPILER
CMAKE_CXX_COMPILER-ADVANCED:INTERNAL=1
//ADVANCED property for variable: CMAKE_CXX_COMPILER_AR
CMAKE_CXX_COMPILER_AR-ADVANCED:INTERNAL=1
//ADVANCED property for variable: CMAKE_CXX_COMPILER_RANLIB
CMAKE_CXX_COMPILER_RANLIB-ADVANCED:INTERNAL=1
//ADVANCED property for variable: CMAKE_CXX_FLAGS
CMAKE_CXX_FLAGS-ADVANCED:INTERNAL=1
//ADVANCED property for variable: CMAKE_CXX_FLAGS_DEBUG
CMAKE_CXX_FLAGS_DEBUG-ADVANCED:INTERNAL=1
//ADVANCED property for variable: CMAKE_CXX_FLAGS_MINSIZEREL
CMAKE_CXX_FLAGS_MINSIZEREL-ADVANCED:INTERNAL=1
//ADVANCED property for variable: CMAKE_CXX_FLAGS_RELEASE
CMAKE_CXX_FLAGS_RELEASE-ADVANCED:INTERNAL=1
//ADVANCED property for variable: CMAKE_CXX_FLAGS_RELWITHDEBINFO
CMAKE_CXX_FLAGS_RELWITHDEBINFO-ADVANCED:INTERNAL=1
//ADVANCED property for variable: CMAKE_C_COMPILER
CMAKE_C_COMPILER-ADVANCED:INTERNAL=1
//ADVANCED property for variable: CMAKE_C_COMPILER_AR
CMAKE_C_COMPILER_AR-ADVANCED:INTERNAL=1
//ADVANCED property for variable: CMAKE_C_COMPILER_RANLIB
CMAKE_C_COMPILER_RANLIB-ADVANCED:INTERNAL=1
//ADVANCED property for variable: CMAKE_C_FLAGS
CMAKE_C_FLAGS-ADVANCED:INTERNAL=1
//ADVANCED property for variable: CMAKE_C_FLAGS_DEBUG
CMAKE_C_FLAGS_DEBUG-ADVANCED:INTERNAL=1
//ADVANCED property for variable: CMAKE_C_FLAGS_MINSIZEREL
CMAKE_C_FLAGS_MINSIZEREL-ADVANCED:INTERNAL=1
//ADVANCED property for variable: CMAKE_C_FLAGS_RELEASE
CMAKE_C_FLAGS_RELEASE-ADVANCED:INTERNAL=1
//ADVANCED property for variable: CMAKE_C_FLAGS_RELWITHDEBINFO
CMAKE_C_FLAGS_RELWITHDEBINFO-ADVANCED:INTERNAL=1
//ADVANCED property for variable: CMAKE_DLLTOOL
CMAKE_DLLTOOL-ADVANCED:INTERNAL=1
//Executable file format
CMAKE_EXECUTABLE_FORMAT:INTERNAL=ELF
//ADVANCED property for variable: CMAKE_EXE_LINKER_FLAGS
CMAKE_EXE_LINKER_FLAGS-ADVANCED:INTERNAL=1
//ADVANCED property for variable: CMAKE_EXE_LINKER_FLAGS_DEBUG
CMAKE_EXE_LINKER_FLAGS_DEBUG-ADVANCED:INTERNAL=1
//ADVANCED property for variable: CMAKE_EXE_LINKER_FLAGS_MINSIZEREL
CMAKE_EXE_LINKER_FLAGS_MINSIZEREL-ADVANCED:INTERNAL=1
//ADVANCED property for variable: CMAKE_EXE_LINKER_FLAGS_RELEASE
CMAKE_EXE_LINKER_FLAGS_RELEASE-ADVANCED:INTERNAL=1
//ADVANCED property for variable: CMAKE_EXE_LINKER_FLAGS_RELWITHDEBINFO
CMAKE_EXE_LINKER_FLAGS_RELWITHDEBINFO-ADVANCED:INTERNAL=1
//ADVANCED property for variable: CMAKE_EXPORT_COMPILE_COMMANDS
CMAKE_EXPORT_COMPILE_COMMANDS-ADVANCED:INTERNAL=1
//Name of external makefile project generator.
CMAKE_EXTRA_GENERATOR:INTERNAL=
//Name of generator.
CMAKE_GENERATOR:INTERNAL=Ninja
//Generator instance identifier.
CMAKE_GENERATOR_INSTANCE:INTERNAL=
//Name of generator platform.
CMAKE_GENERATOR_PLATFORM:INTERNAL=
//Name of generator toolset.
CMAKE_GENERATOR_TOOLSET:INTERNAL=
//Test CMAKE_HAVE_LIBC_PTHREAD
CMAKE_HAVE_LIBC_PTHREAD:INTERNAL=1
//Source directory with the top level CMakeLists.txt file for this
// project
CMAKE_HOME_DIRECTORY:INTERNAL=/home/lz/workspace/cuCompressor
//ADVANCED property for variable: CMAKE_INSTALL_BINDIR
CMAKE_INSTALL_BINDIR-ADVANCED:INTERNAL=1
//ADVANCED property for variable: CMAKE_INSTALL_DATADIR
CMAKE_INSTALL_DATADIR-ADVANCED:INTERNAL=1
//ADVANCED property for variable: CMAKE_INSTALL_DATAROOTDIR
CMAKE_INSTALL_DATAROOTDIR-ADVANCED:INTERNAL=1
//ADVANCED property for variable: CMAKE_INSTALL_DOCDIR
CMAKE_INSTALL_DOCDIR-ADVANCED:INTERNAL=1
//ADVANCED property for variable: CMAKE_INSTALL_INCLUDEDIR
CMAKE_INSTALL_INCLUDEDIR-ADVANCED:INTERNAL=1
//ADVANCED property for variable: CMAKE_INSTALL_INFODIR
CMAKE_INSTALL_INFODIR-ADVANCED:INTERNAL=1
//ADVANCED property for variable: CMAKE_INSTALL_LIBDIR
CMAKE_INSTALL_LIBDIR-ADVANCED:INTERNAL=1
//ADVANCED property for variable: CMAKE_INSTALL_LIBEXECDIR
CMAKE_INSTALL_LIBEXECDIR-ADVANCED:INTERNAL=1
//ADVANCED property for variable: CMAKE_INSTALL_LOCALEDIR
CMAKE_INSTALL_LOCALEDIR-ADVANCED:INTERNAL=1
//ADVANCED property for variable: CMAKE_INSTALL_LOCALSTATEDIR
CMAKE_INSTALL_LOCALSTATEDIR-ADVANCED:INTERNAL=1
//ADVANCED property for variable: CMAKE_INSTALL_MANDIR
CMAKE_INSTALL_MANDIR-ADVANCED:INTERNAL=1
//ADVANCED property for variable: CMAKE_INSTALL_OLDINCLUDEDIR
CMAKE_INSTALL_OLDINCLUDEDIR-ADVANCED:INTERNAL=1
//ADVANCED property for variable: CMAKE_INSTALL_RUNSTATEDIR
CMAKE_INSTALL_RUNSTATEDIR-ADVANCED:INTERNAL=1
//ADVANCED property for variable: CMAKE_INSTALL_SBINDIR
CMAKE_INSTALL_SBINDIR-ADVANCED:INTERNAL=1
//ADVANCED property for variable: CMAKE_INSTALL_SHAREDSTATEDIR
CMAKE_INSTALL_SHAREDSTATEDIR-ADVANCED:INTERNAL=1
//Install .so files without execute permission.
CMAKE_INSTALL_SO_NO_EXE:INTERNAL=1
//ADVANCED property for variable: CMAKE_INSTALL_SYSCONFDIR
CMAKE_INSTALL_SYSCONFDIR-ADVANCED:INTERNAL=1
//ADVANCED property for variable: CMAKE_LINKER
CMAKE_LINKER-ADVANCED:INTERNAL=1
//ADVANCED property for variable: CMAKE_MODULE_LINKER_FLAGS
CMAKE_MODULE_LINKER_FLAGS-ADVANCED:INTERNAL=1
//ADVANCED property for variable: CMAKE_MODULE_LINKER_FLAGS_DEBUG
CMAKE_MODULE_LINKER_FLAGS_DEBUG-ADVANCED:INTERNAL=1
//ADVANCED property for variable: CMAKE_MODULE_LINKER_FLAGS_MINSIZEREL
CMAKE_MODULE_LINKER_FLAGS_MINSIZEREL-ADVANCED:INTERNAL=1
//ADVANCED property for variable: CMAKE_MODULE_LINKER_FLAGS_RELEASE
CMAKE_MODULE_LINKER_FLAGS_RELEASE-ADVANCED:INTERNAL=1
//ADVANCED property for variable: CMAKE_MODULE_LINKER_FLAGS_RELWITHDEBINFO
CMAKE_MODULE_LINKER_FLAGS_RELWITHDEBINFO-ADVANCED:INTERNAL=1
//ADVANCED property for variable: CMAKE_NM
CMAKE_NM-ADVANCED:INTERNAL=1
//number of local generators
CMAKE_NUMBER_OF_MAKEFILES:INTERNAL=25
//ADVANCED property for variable: CMAKE_OBJCOPY
CMAKE_OBJCOPY-ADVANCED:INTERNAL=1
//ADVANCED property for variable: CMAKE_OBJDUMP
CMAKE_OBJDUMP-ADVANCED:INTERNAL=1
//Platform information initialized
CMAKE_PLATFORM_INFO_INITIALIZED:INTERNAL=1
//ADVANCED property for variable: CMAKE_RANLIB
CMAKE_RANLIB-ADVANCED:INTERNAL=1
//ADVANCED property for variable: CMAKE_READELF
CMAKE_READELF-ADVANCED:INTERNAL=1
//Path to CMake installation.
CMAKE_ROOT:INTERNAL=/snap/clion/296/bin/cmake/linux/x64/share/cmake-3.29
//ADVANCED property for variable: CMAKE_SHARED_LINKER_FLAGS
CMAKE_SHARED_LINKER_FLAGS-ADVANCED:INTERNAL=1
//ADVANCED property for variable: CMAKE_SHARED_LINKER_FLAGS_DEBUG
CMAKE_SHARED_LINKER_FLAGS_DEBUG-ADVANCED:INTERNAL=1
//ADVANCED property for variable: CMAKE_SHARED_LINKER_FLAGS_MINSIZEREL
CMAKE_SHARED_LINKER_FLAGS_MINSIZEREL-ADVANCED:INTERNAL=1
//ADVANCED property for variable: CMAKE_SHARED_LINKER_FLAGS_RELEASE
CMAKE_SHARED_LINKER_FLAGS_RELEASE-ADVANCED:INTERNAL=1
//ADVANCED property for variable: CMAKE_SHARED_LINKER_FLAGS_RELWITHDEBINFO
CMAKE_SHARED_LINKER_FLAGS_RELWITHDEBINFO-ADVANCED:INTERNAL=1
//ADVANCED property for variable: CMAKE_SKIP_INSTALL_RPATH
CMAKE_SKIP_INSTALL_RPATH-ADVANCED:INTERNAL=1
//ADVANCED property for variable: CMAKE_SKIP_RPATH
CMAKE_SKIP_RPATH-ADVANCED:INTERNAL=1
//ADVANCED property for variable: CMAKE_STATIC_LINKER_FLAGS
CMAKE_STATIC_LINKER_FLAGS-ADVANCED:INTERNAL=1
//ADVANCED property for variable: CMAKE_STATIC_LINKER_FLAGS_DEBUG
CMAKE_STATIC_LINKER_FLAGS_DEBUG-ADVANCED:INTERNAL=1
//ADVANCED property for variable: CMAKE_STATIC_LINKER_FLAGS_MINSIZEREL
CMAKE_STATIC_LINKER_FLAGS_MINSIZEREL-ADVANCED:INTERNAL=1
//ADVANCED property for variable: CMAKE_STATIC_LINKER_FLAGS_RELEASE
CMAKE_STATIC_LINKER_FLAGS_RELEASE-ADVANCED:INTERNAL=1
//ADVANCED property for variable: CMAKE_STATIC_LINKER_FLAGS_RELWITHDEBINFO
CMAKE_STATIC_LINKER_FLAGS_RELWITHDEBINFO-ADVANCED:INTERNAL=1
//ADVANCED property for variable: CMAKE_STRIP
CMAKE_STRIP-ADVANCED:INTERNAL=1
//ADVANCED property for variable: CMAKE_TAPI
CMAKE_TAPI-ADVANCED:INTERNAL=1
//uname command
CMAKE_UNAME:INTERNAL=/usr/bin/uname
//ADVANCED property for variable: CMAKE_VERBOSE_MAKEFILE
CMAKE_VERBOSE_MAKEFILE-ADVANCED:INTERNAL=1
//ADVANCED property for variable: CUDAToolkit_CUPTI_INCLUDE_DIR
CUDAToolkit_CUPTI_INCLUDE_DIR-ADVANCED:INTERNAL=1
//ADVANCED property for variable: CUDAToolkit_rt_LIBRARY
CUDAToolkit_rt_LIBRARY-ADVANCED:INTERNAL=1
//ADVANCED property for variable: CUDA_64_BIT_DEVICE_CODE
CUDA_64_BIT_DEVICE_CODE-ADVANCED:INTERNAL=1
//List of intermediate files that are part of the cuda dependency
// scanning.
CUDA_ADDITIONAL_CLEAN_FILES:INTERNAL=/home/lz/workspace/cuCompressor/cmake-build-debug/cuSZp/examples/CMakeFiles/cuSZp_libs.dir/__/src/cuSZp_libs_generated_cuSZp_f32.cu.o.depend;/home/lz/workspace/cuCompressor/cmake-build-debug/cuSZp/examples/CMakeFiles/cuSZp_libs.dir/__/src/cuSZp_libs_generated_cuSZp_f64.cu.o.depend;/home/lz/workspace/cuCompressor/cmake-build-debug/cuSZp/examples/CMakeFiles/cuSZp_libs.dir/__/src/cuSZp_libs_generated_cuSZp_utility.cu.o.depend;/home/lz/workspace/cuCompressor/cmake-build-debug/cuSZp/examples/CMakeFiles/cuSZp_libs.dir/__/src/cuSZp_libs_generated_cuSZp_timer.cu.o.depend;/home/lz/workspace/cuCompressor/cmake-build-debug/cuSZp/examples/CMakeFiles/cuSZp_libs.dir/__/src/cuSZp_libs_generated_cuSZp_entry_f32.cu.o.depend;/home/lz/workspace/cuCompressor/cmake-build-debug/cuSZp/examples/CMakeFiles/cuSZp_libs.dir/__/src/cuSZp_libs_generated_cuSZp_entry_f64.cu.o.depend
//ADVANCED property for variable: CUDA_ATTACH_VS_BUILD_RULE_TO_CUDA_FILE
CUDA_ATTACH_VS_BUILD_RULE_TO_CUDA_FILE-ADVANCED:INTERNAL=1
//ADVANCED property for variable: CUDA_BUILD_CUBIN
CUDA_BUILD_CUBIN-ADVANCED:INTERNAL=1
//ADVANCED property for variable: CUDA_BUILD_EMULATION
CUDA_BUILD_EMULATION-ADVANCED:INTERNAL=1
//ADVANCED property for variable: CUDA_CUDART
CUDA_CUDART-ADVANCED:INTERNAL=1
//ADVANCED property for variable: CUDA_CUDART_LIBRARY
CUDA_CUDART_LIBRARY-ADVANCED:INTERNAL=1
//ADVANCED property for variable: CUDA_CUDA_LIBRARY
CUDA_CUDA_LIBRARY-ADVANCED:INTERNAL=1
//ADVANCED property for variable: CUDA_GENERATED_OUTPUT_DIR
CUDA_GENERATED_OUTPUT_DIR-ADVANCED:INTERNAL=1
//ADVANCED property for variable: CUDA_HOST_COMPILATION_CPP
CUDA_HOST_COMPILATION_CPP-ADVANCED:INTERNAL=1
//ADVANCED property for variable: CUDA_NVCC_EXECUTABLE
CUDA_NVCC_EXECUTABLE-ADVANCED:INTERNAL=1
//ADVANCED property for variable: CUDA_NVCC_FLAGS
CUDA_NVCC_FLAGS-ADVANCED:INTERNAL=1
//ADVANCED property for variable: CUDA_NVCC_FLAGS_DEBUG
CUDA_NVCC_FLAGS_DEBUG-ADVANCED:INTERNAL=1
//ADVANCED property for variable: CUDA_NVCC_FLAGS_MINSIZEREL
CUDA_NVCC_FLAGS_MINSIZEREL-ADVANCED:INTERNAL=1
//ADVANCED property for variable: CUDA_NVCC_FLAGS_RELEASE
CUDA_NVCC_FLAGS_RELEASE-ADVANCED:INTERNAL=1
//ADVANCED property for variable: CUDA_NVCC_FLAGS_RELWITHDEBINFO
CUDA_NVCC_FLAGS_RELWITHDEBINFO-ADVANCED:INTERNAL=1
//ADVANCED property for variable: CUDA_OpenCL_LIBRARY
CUDA_OpenCL_LIBRARY-ADVANCED:INTERNAL=1
//This is the value of the last time CUDA_SDK_ROOT_DIR was set
// successfully.
CUDA_SDK_ROOT_DIR_INTERNAL:INTERNAL=CUDA_SDK_ROOT_DIR-NOTFOUND
//ADVANCED property for variable: CUDA_SEPARABLE_COMPILATION
CUDA_SEPARABLE_COMPILATION-ADVANCED:INTERNAL=1
//ADVANCED property for variable: CUDA_TOOLKIT_INCLUDE
CUDA_TOOLKIT_INCLUDE-ADVANCED:INTERNAL=1
//This is the value of the last time CUDA_TOOLKIT_ROOT_DIR was
// set successfully.
CUDA_TOOLKIT_ROOT_DIR_INTERNAL:INTERNAL=/usr/local/cuda
//This is the value of the last time CUDA_TOOLKIT_TARGET_DIR was
// set successfully.
CUDA_TOOLKIT_TARGET_DIR_INTERNAL:INTERNAL=/usr/local/cuda
//ADVANCED property for variable: CUDA_VERBOSE_BUILD
CUDA_VERBOSE_BUILD-ADVANCED:INTERNAL=1
//ADVANCED property for variable: CUDA_VERSION
CUDA_VERSION-ADVANCED:INTERNAL=1
//ADVANCED property for variable: CUDA_cuFile_LIBRARY
CUDA_cuFile_LIBRARY-ADVANCED:INTERNAL=1
//ADVANCED property for variable: CUDA_cuFile_rdma_LIBRARY
CUDA_cuFile_rdma_LIBRARY-ADVANCED:INTERNAL=1
//ADVANCED property for variable: CUDA_cuFile_rdma_static_LIBRARY
CUDA_cuFile_rdma_static_LIBRARY-ADVANCED:INTERNAL=1
//ADVANCED property for variable: CUDA_cuFile_static_LIBRARY
CUDA_cuFile_static_LIBRARY-ADVANCED:INTERNAL=1
//ADVANCED property for variable: CUDA_cublasLt_LIBRARY
CUDA_cublasLt_LIBRARY-ADVANCED:INTERNAL=1
//ADVANCED property for variable: CUDA_cublasLt_static_LIBRARY
CUDA_cublasLt_static_LIBRARY-ADVANCED:INTERNAL=1
//ADVANCED property for variable: CUDA_cublas_LIBRARY
CUDA_cublas_LIBRARY-ADVANCED:INTERNAL=1
//ADVANCED property for variable: CUDA_cublas_static_LIBRARY
CUDA_cublas_static_LIBRARY-ADVANCED:INTERNAL=1
//ADVANCED property for variable: CUDA_cuda_driver_LIBRARY
CUDA_cuda_driver_LIBRARY-ADVANCED:INTERNAL=1
//ADVANCED property for variable: CUDA_cudadevrt_LIBRARY
CUDA_cudadevrt_LIBRARY-ADVANCED:INTERNAL=1
//ADVANCED property for variable: CUDA_cudart_LIBRARY
CUDA_cudart_LIBRARY-ADVANCED:INTERNAL=1
//ADVANCED property for variable: CUDA_cudart_static_LIBRARY
CUDA_cudart_static_LIBRARY-ADVANCED:INTERNAL=1
//ADVANCED property for variable: CUDA_cudla_LIBRARY
CUDA_cudla_LIBRARY-ADVANCED:INTERNAL=1
//ADVANCED property for variable: CUDA_cufft_LIBRARY
CUDA_cufft_LIBRARY-ADVANCED:INTERNAL=1
//ADVANCED property for variable: CUDA_cufft_static_LIBRARY
CUDA_cufft_static_LIBRARY-ADVANCED:INTERNAL=1
//ADVANCED property for variable: CUDA_cufft_static_nocallback_LIBRARY
CUDA_cufft_static_nocallback_LIBRARY-ADVANCED:INTERNAL=1
//ADVANCED property for variable: CUDA_cufftw_LIBRARY
CUDA_cufftw_LIBRARY-ADVANCED:INTERNAL=1
//ADVANCED property for variable: CUDA_cufftw_static_LIBRARY
CUDA_cufftw_static_LIBRARY-ADVANCED:INTERNAL=1
//ADVANCED property for variable: CUDA_culibos_LIBRARY
CUDA_culibos_LIBRARY-ADVANCED:INTERNAL=1
//ADVANCED property for variable: CUDA_cupti_LIBRARY
CUDA_cupti_LIBRARY-ADVANCED:INTERNAL=1
//ADVANCED property for variable: CUDA_cupti_static_LIBRARY
CUDA_cupti_static_LIBRARY-ADVANCED:INTERNAL=1
//ADVANCED property for variable: CUDA_curand_LIBRARY
CUDA_curand_LIBRARY-ADVANCED:INTERNAL=1
//ADVANCED property for variable: CUDA_curand_static_LIBRARY
CUDA_curand_static_LIBRARY-ADVANCED:INTERNAL=1
//ADVANCED property for variable: CUDA_cusolver_LIBRARY
CUDA_cusolver_LIBRARY-ADVANCED:INTERNAL=1
//ADVANCED property for variable: CUDA_cusolver_lapack_static_LIBRARY
CUDA_cusolver_lapack_static_LIBRARY-ADVANCED:INTERNAL=1
//ADVANCED property for variable: CUDA_cusolver_metis_static_LIBRARY
CUDA_cusolver_metis_static_LIBRARY-ADVANCED:INTERNAL=1
//ADVANCED property for variable: CUDA_cusolver_static_LIBRARY
CUDA_cusolver_static_LIBRARY-ADVANCED:INTERNAL=1
//ADVANCED property for variable: CUDA_cusparse_LIBRARY
CUDA_cusparse_LIBRARY-ADVANCED:INTERNAL=1
//ADVANCED property for variable: CUDA_cusparse_static_LIBRARY
CUDA_cusparse_static_LIBRARY-ADVANCED:INTERNAL=1
//Location of make2cmake.cmake
CUDA_make2cmake:INTERNAL=/snap/clion/296/bin/cmake/linux/x64/share/cmake-3.29/Modules/FindCUDA/make2cmake.cmake
//ADVANCED property for variable: CUDA_nppc_LIBRARY
CUDA_nppc_LIBRARY-ADVANCED:INTERNAL=1
//ADVANCED property for variable: CUDA_nppc_static_LIBRARY
CUDA_nppc_static_LIBRARY-ADVANCED:INTERNAL=1
//ADVANCED property for variable: CUDA_nppial_LIBRARY
CUDA_nppial_LIBRARY-ADVANCED:INTERNAL=1
//ADVANCED property for variable: CUDA_nppial_static_LIBRARY
CUDA_nppial_static_LIBRARY-ADVANCED:INTERNAL=1
//ADVANCED property for variable: CUDA_nppicc_LIBRARY
CUDA_nppicc_LIBRARY-ADVANCED:INTERNAL=1
//ADVANCED property for variable: CUDA_nppicc_static_LIBRARY
CUDA_nppicc_static_LIBRARY-ADVANCED:INTERNAL=1
//ADVANCED property for variable: CUDA_nppicom_LIBRARY
CUDA_nppicom_LIBRARY-ADVANCED:INTERNAL=1
//ADVANCED property for variable: CUDA_nppicom_static_LIBRARY
CUDA_nppicom_static_LIBRARY-ADVANCED:INTERNAL=1
//ADVANCED property for variable: CUDA_nppidei_LIBRARY
CUDA_nppidei_LIBRARY-ADVANCED:INTERNAL=1
//ADVANCED property for variable: CUDA_nppidei_static_LIBRARY
CUDA_nppidei_static_LIBRARY-ADVANCED:INTERNAL=1
//ADVANCED property for variable: CUDA_nppif_LIBRARY
CUDA_nppif_LIBRARY-ADVANCED:INTERNAL=1
//ADVANCED property for variable: CUDA_nppif_static_LIBRARY
CUDA_nppif_static_LIBRARY-ADVANCED:INTERNAL=1
//ADVANCED property for variable: CUDA_nppig_LIBRARY
CUDA_nppig_LIBRARY-ADVANCED:INTERNAL=1
//ADVANCED property for variable: CUDA_nppig_static_LIBRARY
CUDA_nppig_static_LIBRARY-ADVANCED:INTERNAL=1
//ADVANCED property for variable: CUDA_nppim_LIBRARY
CUDA_nppim_LIBRARY-ADVANCED:INTERNAL=1
//ADVANCED property for variable: CUDA_nppim_static_LIBRARY
CUDA_nppim_static_LIBRARY-ADVANCED:INTERNAL=1
//ADVANCED property for variable: CUDA_nppist_LIBRARY
CUDA_nppist_LIBRARY-ADVANCED:INTERNAL=1
//ADVANCED property for variable: CUDA_nppist_static_LIBRARY
CUDA_nppist_static_LIBRARY-ADVANCED:INTERNAL=1
//ADVANCED property for variable: CUDA_nppisu_LIBRARY
CUDA_nppisu_LIBRARY-ADVANCED:INTERNAL=1
//ADVANCED property for variable: CUDA_nppisu_static_LIBRARY
CUDA_nppisu_static_LIBRARY-ADVANCED:INTERNAL=1
//ADVANCED property for variable: CUDA_nppitc_LIBRARY
CUDA_nppitc_LIBRARY-ADVANCED:INTERNAL=1
//ADVANCED property for variable: CUDA_nppitc_static_LIBRARY
CUDA_nppitc_static_LIBRARY-ADVANCED:INTERNAL=1
//ADVANCED property for variable: CUDA_npps_LIBRARY
CUDA_npps_LIBRARY-ADVANCED:INTERNAL=1
//ADVANCED property for variable: CUDA_npps_static_LIBRARY
CUDA_npps_static_LIBRARY-ADVANCED:INTERNAL=1
//ADVANCED property for variable: CUDA_nvJitLink_LIBRARY
CUDA_nvJitLink_LIBRARY-ADVANCED:INTERNAL=1
//ADVANCED property for variable: CUDA_nvJitLink_static_LIBRARY
CUDA_nvJitLink_static_LIBRARY-ADVANCED:INTERNAL=1
//ADVANCED property for variable: CUDA_nvToolsExt_LIBRARY
CUDA_nvToolsExt_LIBRARY-ADVANCED:INTERNAL=1
//ADVANCED property for variable: CUDA_nvgraph_LIBRARY
CUDA_nvgraph_LIBRARY-ADVANCED:INTERNAL=1
//ADVANCED property for variable: CUDA_nvgraph_static_LIBRARY
CUDA_nvgraph_static_LIBRARY-ADVANCED:INTERNAL=1
//ADVANCED property for variable: CUDA_nvjpeg_LIBRARY
CUDA_nvjpeg_LIBRARY-ADVANCED:INTERNAL=1
//ADVANCED property for variable: CUDA_nvjpeg_static_LIBRARY
CUDA_nvjpeg_static_LIBRARY-ADVANCED:INTERNAL=1
//ADVANCED property for variable: CUDA_nvml_LIBRARY
CUDA_nvml_LIBRARY-ADVANCED:INTERNAL=1
//ADVANCED property for variable: CUDA_nvperf_host_LIBRARY
CUDA_nvperf_host_LIBRARY-ADVANCED:INTERNAL=1
//ADVANCED property for variable: CUDA_nvperf_host_static_LIBRARY
CUDA_nvperf_host_static_LIBRARY-ADVANCED:INTERNAL=1
//ADVANCED property for variable: CUDA_nvperf_target_LIBRARY
CUDA_nvperf_target_LIBRARY-ADVANCED:INTERNAL=1
//ADVANCED property for variable: CUDA_nvptxcompiler_static_LIBRARY
CUDA_nvptxcompiler_static_LIBRARY-ADVANCED:INTERNAL=1
//ADVANCED property for variable: CUDA_nvrtc_LIBRARY
CUDA_nvrtc_LIBRARY-ADVANCED:INTERNAL=1
//ADVANCED property for variable: CUDA_nvrtc_builtins_LIBRARY
CUDA_nvrtc_builtins_LIBRARY-ADVANCED:INTERNAL=1
//ADVANCED property for variable: CUDA_nvrtc_builtins_static_LIBRARY
CUDA_nvrtc_builtins_static_LIBRARY-ADVANCED:INTERNAL=1
//ADVANCED property for variable: CUDA_nvrtc_static_LIBRARY
CUDA_nvrtc_static_LIBRARY-ADVANCED:INTERNAL=1
//Location of parse_cubin.cmake
CUDA_parse_cubin:INTERNAL=/snap/clion/296/bin/cmake/linux/x64/share/cmake-3.29/Modules/FindCUDA/parse_cubin.cmake
//ADVANCED property for variable: CUDA_pcsamplingutil_LIBRARY
CUDA_pcsamplingutil_LIBRARY-ADVANCED:INTERNAL=1
//ADVANCED property for variable: CUDA_rt_LIBRARY
CUDA_rt_LIBRARY-ADVANCED:INTERNAL=1
//Location of run_nvcc.cmake
CUDA_run_nvcc:INTERNAL=/snap/clion/296/bin/cmake/linux/x64/share/cmake-3.29/Modules/FindCUDA/run_nvcc.cmake
//Test CXX_FLAG_DDEBUGLEVEL_1
CXX_FLAG_DDEBUGLEVEL_1:INTERNAL=1
//Test CXX_FLAG_QUNUSED_ARGUMENTS
CXX_FLAG_QUNUSED_ARGUMENTS:INTERNAL=
//Test CXX_FLAG_WALL
CXX_FLAG_WALL:INTERNAL=1
//Test CXX_FLAG_WA_NOEXECSTACK
CXX_FLAG_WA_NOEXECSTACK:INTERNAL=1
//Test CXX_FLAG_WCAST_ALIGN
CXX_FLAG_WCAST_ALIGN:INTERNAL=1
//Test CXX_FLAG_WCAST_QUAL
CXX_FLAG_WCAST_QUAL:INTERNAL=1
//Test CXX_FLAG_WEXTRA
CXX_FLAG_WEXTRA:INTERNAL=1
//Test CXX_FLAG_WSHADOW
CXX_FLAG_WSHADOW:INTERNAL=1
//Test CXX_FLAG_WUNDEF
CXX_FLAG_WUNDEF:INTERNAL=1
//Test C_FLAG_DDEBUGLEVEL_1
C_FLAG_DDEBUGLEVEL_1:INTERNAL=1
//Test C_FLAG_QUNUSED_ARGUMENTS
C_FLAG_QUNUSED_ARGUMENTS:INTERNAL=
//Test C_FLAG_WALL
C_FLAG_WALL:INTERNAL=1
//Test C_FLAG_WA_NOEXECSTACK
C_FLAG_WA_NOEXECSTACK:INTERNAL=1
//Test C_FLAG_WCAST_ALIGN
C_FLAG_WCAST_ALIGN:INTERNAL=1
//Test C_FLAG_WCAST_QUAL
C_FLAG_WCAST_QUAL:INTERNAL=1
//Test C_FLAG_WEXTRA
C_FLAG_WEXTRA:INTERNAL=1
//Test C_FLAG_WSHADOW
C_FLAG_WSHADOW:INTERNAL=1
//Test C_FLAG_WSTRICT_PROTOTYPES
C_FLAG_WSTRICT_PROTOTYPES:INTERNAL=1
//Test C_FLAG_WUNDEF
C_FLAG_WUNDEF:INTERNAL=1
//Details about finding CUDA
FIND_PACKAGE_MESSAGE_DETAILS_CUDA:INTERNAL=[/usr/local/cuda][/usr/local/cuda/bin/nvcc][/usr/local/cuda/include][/usr/local/cuda-12.5/targets/x86_64-linux/lib/libcudart_static.a][v12.5()]
//Details about finding CUDAToolkit
FIND_PACKAGE_MESSAGE_DETAILS_CUDAToolkit:INTERNAL=[/usr/local/cuda/targets/x86_64-linux/include][/usr/local/cuda/lib64/libcudart.so][/usr/local/cuda/bin][v12.5.82()]
//Details about finding OpenMP
FIND_PACKAGE_MESSAGE_DETAILS_OpenMP:INTERNAL=[TRUE][TRUE][c ][v4.5()]
//Details about finding OpenMP_C
FIND_PACKAGE_MESSAGE_DETAILS_OpenMP_C:INTERNAL=[-fopenmp][/usr/lib/gcc/x86_64-linux-gnu/12/libgomp.so][/usr/lib/x86_64-linux-gnu/libpthread.a][v4.5()]
//Details about finding OpenMP_CXX
FIND_PACKAGE_MESSAGE_DETAILS_OpenMP_CXX:INTERNAL=[-fopenmp][/usr/lib/gcc/x86_64-linux-gnu/12/libgomp.so][/usr/lib/x86_64-linux-gnu/libpthread.a][v4.5()]
//Details about finding PkgConfig
FIND_PACKAGE_MESSAGE_DETAILS_PkgConfig:INTERNAL=[/usr/bin/pkg-config][v0.29.2()]
//Details about finding Python3
FIND_PACKAGE_MESSAGE_DETAILS_Python3:INTERNAL=[/usr/bin/python3.10][cfound components: Interpreter ][v3.10.12()]
//Details about finding Threads
FIND_PACKAGE_MESSAGE_DETAILS_Threads:INTERNAL=[TRUE][v()]
//Details about finding ZLIB
FIND_PACKAGE_MESSAGE_DETAILS_ZLIB:INTERNAL=[/usr/lib/x86_64-linux-gnu/libz.so][/usr/include][c ][v1.2.11()]
//Test HAVE_ATTRIBUTE_ALWAYS_INLINE
HAVE_ATTRIBUTE_ALWAYS_INLINE:INTERNAL=1
//Test HAVE_BUILTIN_CTZ
HAVE_BUILTIN_CTZ:INTERNAL=1
//Test HAVE_BUILTIN_EXPECT
HAVE_BUILTIN_EXPECT:INTERNAL=1
//Test HAVE_BUILTIN_PREFETCH
HAVE_BUILTIN_PREFETCH:INTERNAL=1
//Test HAVE_CLANG_MAVX
HAVE_CLANG_MAVX:INTERNAL=1
//Test HAVE_CLANG_MBMI2
HAVE_CLANG_MBMI2:INTERNAL=1
//Have function clock_gettime
HAVE_CLOCK_GETTIME:INTERNAL=1
//Have symbol mmap
HAVE_FUNC_MMAP:INTERNAL=1
//Have symbol sysconf
HAVE_FUNC_SYSCONF:INTERNAL=1
//Have function gettimeofday
HAVE_GETTIMEOFDAY:INTERNAL=1
//Have library lz4
HAVE_LIBLZ4:INTERNAL=
//Have library lzo2
HAVE_LIBLZO2:INTERNAL=
//Have library z
HAVE_LIBZ:INTERNAL=1
//Have include sys/mman.h
HAVE_SYS_MMAN_H:INTERNAL=1
//Have include sys/resource.h
HAVE_SYS_RESOURCE_H:INTERNAL=1
//Have include sys/time.h
HAVE_SYS_TIME_H:INTERNAL=1
//Have include sys/uio.h
HAVE_SYS_UIO_H:INTERNAL=1
//Have include unistd.h
HAVE_UNISTD_H:INTERNAL=1
//Test HAVE_VISUAL_STUDIO_ARCH_AVX
HAVE_VISUAL_STUDIO_ARCH_AVX:INTERNAL=
//Test HAVE_VISUAL_STUDIO_ARCH_AVX2
HAVE_VISUAL_STUDIO_ARCH_AVX2:INTERNAL=
//Have include windows.h
HAVE_WINDOWS_H:INTERNAL=
//Test LD_FLAG_Z_NOEXECSTACK
LD_FLAG_Z_NOEXECSTACK:INTERNAL=1
//Result of TRY_COMPILE
OpenMP_COMPILE_RESULT_CXX_fopenmp:INTERNAL=TRUE
//Result of TRY_COMPILE
OpenMP_COMPILE_RESULT_C_fopenmp:INTERNAL=TRUE
//ADVANCED property for variable: OpenMP_CXX_FLAGS
OpenMP_CXX_FLAGS-ADVANCED:INTERNAL=1
//ADVANCED property for variable: OpenMP_CXX_LIB_NAMES
OpenMP_CXX_LIB_NAMES-ADVANCED:INTERNAL=1
//CXX compiler's OpenMP specification date
OpenMP_CXX_SPEC_DATE:INTERNAL=201511
//ADVANCED property for variable: OpenMP_C_FLAGS
OpenMP_C_FLAGS-ADVANCED:INTERNAL=1
//ADVANCED property for variable: OpenMP_C_LIB_NAMES
OpenMP_C_LIB_NAMES-ADVANCED:INTERNAL=1
//C compiler's OpenMP specification date
OpenMP_C_SPEC_DATE:INTERNAL=201511
//Result of TRY_COMPILE
OpenMP_SPECTEST_CXX_:INTERNAL=TRUE
//Result of TRY_COMPILE
OpenMP_SPECTEST_C_:INTERNAL=TRUE
//ADVANCED property for variable: OpenMP_gomp_LIBRARY
OpenMP_gomp_LIBRARY-ADVANCED:INTERNAL=1
//ADVANCED property for variable: OpenMP_pthread_LIBRARY
OpenMP_pthread_LIBRARY-ADVANCED:INTERNAL=1
//ADVANCED property for variable: PKG_CONFIG_ARGN
PKG_CONFIG_ARGN-ADVANCED:INTERNAL=1
//ADVANCED property for variable: PKG_CONFIG_EXECUTABLE
PKG_CONFIG_EXECUTABLE-ADVANCED:INTERNAL=1
//Test SNAPPY_HAVE_BMI2
SNAPPY_HAVE_BMI2:INTERNAL=
//Test SNAPPY_HAVE_NEON
SNAPPY_HAVE_NEON:INTERNAL=
//Test SNAPPY_HAVE_NEON_CRC32
SNAPPY_HAVE_NEON_CRC32:INTERNAL=
//Test SNAPPY_HAVE_NO_IMPLICIT_INT_FLOAT_CONVERSION
SNAPPY_HAVE_NO_IMPLICIT_INT_FLOAT_CONVERSION:INTERNAL=1
//Test SNAPPY_HAVE_NO_MISSING_FIELD_INITIALIZERS
SNAPPY_HAVE_NO_MISSING_FIELD_INITIALIZERS:INTERNAL=1
//Test SNAPPY_HAVE_SSSE3
SNAPPY_HAVE_SSSE3:INTERNAL=
//Test SNAPPY_HAVE_X86_CRC32
SNAPPY_HAVE_X86_CRC32:INTERNAL=
//ADVANCED property for variable: ZLIB_INCLUDE_DIR
ZLIB_INCLUDE_DIR-ADVANCED:INTERNAL=1
//ADVANCED property for variable: ZLIB_LIBRARY_DEBUG
ZLIB_LIBRARY_DEBUG-ADVANCED:INTERNAL=1
//ADVANCED property for variable: ZLIB_LIBRARY_RELEASE
ZLIB_LIBRARY_RELEASE-ADVANCED:INTERNAL=1
ZSTD_CFLAGS:INTERNAL=
ZSTD_CFLAGS_I:INTERNAL=
ZSTD_CFLAGS_OTHER:INTERNAL=
ZSTD_FOUND:INTERNAL=
ZSTD_INCLUDEDIR:INTERNAL=
ZSTD_LIBDIR:INTERNAL=
ZSTD_LIBS:INTERNAL=
ZSTD_LIBS_L:INTERNAL=
ZSTD_LIBS_OTHER:INTERNAL=
ZSTD_LIBS_PATHS:INTERNAL=
ZSTD_MODULE_NAME:INTERNAL=
ZSTD_PREFIX:INTERNAL=
ZSTD_STATIC_CFLAGS:INTERNAL=
ZSTD_STATIC_CFLAGS_I:INTERNAL=
ZSTD_STATIC_CFLAGS_OTHER:INTERNAL=
ZSTD_STATIC_LIBDIR:INTERNAL=
ZSTD_STATIC_LIBS:INTERNAL=
ZSTD_STATIC_LIBS_L:INTERNAL=
ZSTD_STATIC_LIBS_OTHER:INTERNAL=
ZSTD_STATIC_LIBS_PATHS:INTERNAL=
ZSTD_VERSION:INTERNAL=
ZSTD_libzstd_INCLUDEDIR:INTERNAL=
ZSTD_libzstd_LIBDIR:INTERNAL=
ZSTD_libzstd_PREFIX:INTERNAL=
ZSTD_libzstd_VERSION:INTERNAL=
//linker supports push/pop state
_CMAKE_LINKER_PUSHPOP_STATE_SUPPORTED:INTERNAL=TRUE
//CMAKE_INSTALL_PREFIX during last run
_GNUInstallDirs_LAST_CMAKE_INSTALL_PREFIX:INTERNAL=/usr/local
//Compiler reason failure
_Python3_Compiler_REASON_FAILURE:INTERNAL=
//Development reason failure
_Python3_Development_REASON_FAILURE:INTERNAL=
//Path to a program.
_Python3_EXECUTABLE:INTERNAL=/usr/bin/python3.10
//Python3 Properties
_Python3_INTERPRETER_PROPERTIES:INTERNAL=Python;3;10;12;64;32;;cpython-310-x86_64-linux-gnu;abi3;/usr/lib/python3.10;/usr/lib/python3.10;/usr/local/lib/python3.10/dist-packages;/usr/local/lib/python3.10/dist-packages
_Python3_INTERPRETER_SIGNATURE:INTERNAL=b91b4035ecb3bb3f5760d35922531bcd
//NumPy reason failure
_Python3_NumPy_REASON_FAILURE:INTERNAL=
__pkg_config_checked_ZSTD:INTERNAL=1
cmake_package_name:INTERNAL=GTest
generated_dir:INTERNAL=/home/lz/workspace/cuCompressor/cmake-build-debug/_deps/googletest-build/googletest/generated
//ADVANCED property for variable: gmock_build_tests
gmock_build_tests-ADVANCED:INTERNAL=1
//ADVANCED property for variable: gtest_build_samples
gtest_build_samples-ADVANCED:INTERNAL=1
//ADVANCED property for variable: gtest_build_tests
gtest_build_tests-ADVANCED:INTERNAL=1
//ADVANCED property for variable: gtest_disable_pthreads
gtest_disable_pthreads-ADVANCED:INTERNAL=1
//ADVANCED property for variable: gtest_force_shared_crt
gtest_force_shared_crt-ADVANCED:INTERNAL=1
//ADVANCED property for variable: gtest_hide_internal_symbols
gtest_hide_internal_symbols-ADVANCED:INTERNAL=1
targets_export_name:INTERNAL=GTestTargets

